<?xml version="1.0" encoding="UTF-8"?>
<testsuite xmlns:xsi="http://www.w3.org/2001/XMLSchema-instance" xsi:noNamespaceSchemaLocation="https://maven.apache.org/surefire/maven-surefire-plugin/xsd/surefire-test-report-3.0.xsd" version="3.0" name="com.project.PFEBackEnd.PfeBackEndApplicationTests" time="15.842" tests="1" errors="0" skipped="0" failures="0">
  <properties>
[...]
</properties>
  <testcase name="contextLoads" classname="com.project.PFEBackEnd.PfeBackEndApplicationTests" time="1.034">
    <system-out><![CDATA[22:08:26.550 [main] INFO org.springframework.test.context.support.AnnotationConfigContextLoaderUtils -- Could not detect default configuration classes for test class [com.project.PFEBackEnd.PfeBackEndApplicationTests]: PfeBackEndApplicationTests does not declare any static, non-private, non-final, nested classes annotated with @Configuration.
22:08:26.729 [main] INFO org.springframework.boot.test.context.SpringBootTestContextBootstrapper -- Found @SpringBootConfiguration com.project.PFEBackEnd.PfeBackEndApplication for test class com.project.PFEBackEnd.PfeBackEndApplicationTests
22:08:27.198 [main] INFO org.springframework.boot.devtools.restart.RestartApplicationListener -- Restart disabled due to context in which it is running

  .   ____          _            __ _ _
 /\\ / ___'_ __ _ _(_)_ __  __ _ \ \ \ \
( ( )\___ | '_ | '_| | '_ \/ _` | \ \ \ \
 \\/  ___)| |_)| | | | | || (_| |  ) ) ) )
  '  |____| .__|_| |_|_| |_\__, | / / / /
 =========|_|==============|___/=/_/_/_/
 :: Spring Boot ::                (v3.1.8)

2024-03-08T22:08:27.631+01:00  INFO 30892 --- [           main] c.p.P.PfeBackEndApplicationTests         : Starting PfeBackEndApplicationTests using Java 17.0.9 with PID 30892 (started by mnaffeti in C:\Users\mnaffeti\Desktop\Formation1\pfeBackEnd\louay\louay_ADP)
2024-03-08T22:08:27.634+01:00  INFO 30892 --- [           main] c.p.P.PfeBackEndApplicationTests         : No active profile set, falling back to 1 default profile: "default"
2024-03-08T22:08:29.725+01:00  INFO 30892 --- [           main] .s.d.r.c.RepositoryConfigurationDelegate : Multiple Spring Data modules found, entering strict repository configuration mode
2024-03-08T22:08:29.728+01:00  INFO 30892 --- [           main] .s.d.r.c.RepositoryConfigurationDelegate : Bootstrapping Spring Data JDBC repositories in DEFAULT mode.
2024-03-08T22:08:29.894+01:00  INFO 30892 --- [           main] .RepositoryConfigurationExtensionSupport : Spring Data JDBC - Could not safely identify store assignment for repository candidate interface com.project.PFEBackEnd.repositories.AffectationRepository; If you want this repository to be a JDBC repository, consider annotating your entities with one of these annotations: org.springframework.data.relational.core.mapping.Table.
2024-03-08T22:08:29.900+01:00  INFO 30892 --- [           main] .RepositoryConfigurationExtensionSupport : Spring Data JDBC - Could not safely identify store assignment for repository candidate interface com.project.PFEBackEnd.repositories.DemandeRepository; If you want this repository to be a JDBC repository, consider annotating your entities with one of these annotations: org.springframework.data.relational.core.mapping.Table.
2024-03-08T22:08:29.911+01:00  INFO 30892 --- [           main] .RepositoryConfigurationExtensionSupport : Spring Data JDBC - Could not safely identify store assignment for repository candidate interface com.project.PFEBackEnd.repositories.DeviceRepository; If you want this repository to be a JDBC repository, consider annotating your entities with one of these annotations: org.springframework.data.relational.core.mapping.Table.
2024-03-08T22:08:29.915+01:00  INFO 30892 --- [           main] .RepositoryConfigurationExtensionSupport : Spring Data JDBC - Could not safely identify store assignment for repository candidate interface com.project.PFEBackEnd.repositories.HistoryRepository; If you want this repository to be a JDBC repository, consider annotating your entities with one of these annotations: org.springframework.data.relational.core.mapping.Table.
2024-03-08T22:08:29.920+01:00  INFO 30892 --- [           main] .RepositoryConfigurationExtensionSupport : Spring Data JDBC - Could not safely identify store assignment for repository candidate interface com.project.PFEBackEnd.repositories.MessageRepository; If you want this repository to be a JDBC repository, consider annotating your entities with one of these annotations: org.springframework.data.relational.core.mapping.Table.
2024-03-08T22:08:29.931+01:00  INFO 30892 --- [           main] .RepositoryConfigurationExtensionSupport : Spring Data JDBC - Could not safely identify store assignment for repository candidate interface com.project.PFEBackEnd.repositories.ReclamationRepository; If you want this repository to be a JDBC repository, consider annotating your entities with one of these annotations: org.springframework.data.relational.core.mapping.Table.
2024-03-08T22:08:29.936+01:00  INFO 30892 --- [           main] .RepositoryConfigurationExtensionSupport : Spring Data JDBC - Could not safely identify store assignment for repository candidate interface com.project.PFEBackEnd.repositories.UserRepository; If you want this repository to be a JDBC repository, consider annotating your entities with one of these annotations: org.springframework.data.relational.core.mapping.Table.
2024-03-08T22:08:29.939+01:00  INFO 30892 --- [           main] .s.d.r.c.RepositoryConfigurationDelegate : Finished Spring Data repository scanning in 199 ms. Found 0 JDBC repository interfaces.
2024-03-08T22:08:29.968+01:00  INFO 30892 --- [           main] .s.d.r.c.RepositoryConfigurationDelegate : Multiple Spring Data modules found, entering strict repository configuration mode
2024-03-08T22:08:29.970+01:00  INFO 30892 --- [           main] .s.d.r.c.RepositoryConfigurationDelegate : Bootstrapping Spring Data JPA repositories in DEFAULT mode.
2024-03-08T22:08:30.203+01:00  INFO 30892 --- [           main] .s.d.r.c.RepositoryConfigurationDelegate : Finished Spring Data repository scanning in 197 ms. Found 7 JPA repository interfaces.
2024-03-08T22:08:32.249+01:00  INFO 30892 --- [           main] o.hibernate.jpa.internal.util.LogHelper  : HHH000204: Processing PersistenceUnitInfo [name: default]
2024-03-08T22:08:32.418+01:00  INFO 30892 --- [           main] org.hibernate.Version                    : HHH000412: Hibernate ORM core version 6.2.20.Final
2024-03-08T22:08:32.423+01:00  INFO 30892 --- [           main] org.hibernate.cfg.Environment            : HHH000406: Using bytecode reflection optimizer
2024-03-08T22:08:33.523+01:00  INFO 30892 --- [           main] o.s.o.j.p.SpringPersistenceUnitInfo      : No LoadTimeWeaver setup: ignoring JPA class transformer
2024-03-08T22:08:33.586+01:00  INFO 30892 --- [           main] com.zaxxer.hikari.HikariDataSource       : HikariPool-1 - Starting...
2024-03-08T22:08:34.113+01:00  INFO 30892 --- [           main] com.zaxxer.hikari.pool.HikariPool        : HikariPool-1 - Added connection com.mysql.cj.jdbc.ConnectionImpl@734f8317
2024-03-08T22:08:34.119+01:00  INFO 30892 --- [           main] com.zaxxer.hikari.HikariDataSource       : HikariPool-1 - Start completed.
2024-03-08T22:08:34.252+01:00  WARN 30892 --- [           main] org.hibernate.dialect.Dialect            : HHH000511: The 5.5.0 version for [org.hibernate.dialect.MySQLDialect] is no longer supported, hence certain features may not work properly. The minimum supported version is 5.7.0. Check the community dialects project for available legacy versions.
2024-03-08T22:08:36.379+01:00  INFO 30892 --- [           main] o.h.e.t.j.p.i.JtaPlatformInitiator       : HHH000489: No JTA platform available (set 'hibernate.transaction.jta.platform' to enable JTA platform integration)
2024-03-08T22:08:36.762+01:00  INFO 30892 --- [           main] j.LocalContainerEntityManagerFactoryBean : Initialized JPA EntityManagerFactory for persistence unit 'default'
2024-03-08T22:08:37.637+01:00  INFO 30892 --- [           main] o.s.d.j.r.query.QueryEnhancerFactory     : Hibernate is in classpath; If applicable, HQL parser will be used.
2024-03-08T22:08:39.291+01:00  WARN 30892 --- [           main] JpaBaseConfiguration$JpaWebConfiguration : spring.jpa.open-in-view is enabled by default. Therefore, database queries may be performed during view rendering. Explicitly configure spring.jpa.open-in-view to disable this warning
2024-03-08T22:08:40.088+01:00  INFO 30892 --- [           main] o.s.s.web.DefaultSecurityFilterChain     : Will secure any request with [org.springframework.security.web.session.DisableEncodeUrlFilter@7c38d816, org.springframework.security.web.context.request.async.WebAsyncManagerIntegrationFilter@1c1f3950, org.springframework.security.web.context.SecurityContextHolderFilter@72bb0640, org.springframework.security.web.header.HeaderWriterFilter@18ca65ea, org.springframework.security.web.authentication.logout.LogoutFilter@17ec391a, com.project.PFEBackEnd.filter.JwtFilter@2f271ae2, org.springframework.security.web.savedrequest.RequestCacheAwareFilter@434c0d22, org.springframework.security.web.servletapi.SecurityContextHolderAwareRequestFilter@37445c57, org.springframework.security.web.authentication.AnonymousAuthenticationFilter@8b24111, org.springframework.security.web.session.SessionManagementFilter@4644f3d4, org.springframework.security.web.access.ExceptionTranslationFilter@5ca29f17, org.springframework.security.web.access.intercept.AuthorizationFilter@238869e8]
2024-03-08T22:08:41.091+01:00  INFO 30892 --- [           main] c.p.P.PfeBackEndApplicationTests         : Started PfeBackEndApplicationTests in 13.92 seconds (process running for 15.59)
]]></system-out>
  </testcase>
</testsuite>